<?xml version="1.0" encoding="UTF-8"?>
<!-- Generated by org.testng.reporters.JUnitReportReporter -->
<testsuite hostname="LIN-5CG1286TNL" failures="0" tests="1" name="FLight.staticDropdown" time="20.204" errors="0" timestamp="2024-12-11T15:24:36 IST" skipped="0">
  <testcase classname="FLight.staticDropdown" name="wikiStatic" time="20.204"/>
</testsuite> <!-- FLight.staticDropdown -->
