<?xml version="1.0" encoding="UTF-8"?>
<!-- Generated by org.testng.reporters.JUnitReportReporter -->
<testsuite hostname="LIN-5CG1286TNL" failures="0" tests="1" name="FLight.DuplicatesDropdown" time="12.287" errors="0" timestamp="2024-12-10T19:24:29 IST" skipped="0">
  <testcase classname="FLight.DuplicatesDropdown" name="duplicate" time="12.287"/>
</testsuite> <!-- FLight.DuplicatesDropdown -->
