<?xml version="1.0" encoding="UTF-8"?>
<!-- Generated by org.testng.reporters.JUnitReportReporter -->
<testsuite hostname="LIN-5CG1286TNL" failures="0" tests="1" name="FLight.dynamicDropdown" time="10.320" errors="0" timestamp="2024-12-10T19:47:36 IST" skipped="0">
  <testcase classname="FLight.dynamicDropdown" name="wikiDynamic" time="10.320"/>
</testsuite> <!-- FLight.dynamicDropdown -->
